


ARM Macro Assembler    Page 1 


    1 00000000                 AREA             RESET,DATA,READONLY
    2 00000000                 EXPORT           __Vectors
    3 00000000         __Vectors
    4 00000000 40001000        DCD              0x40001000
    5 00000004 00000000        DCD              Reset_Handler
    6 00000008                 ALIGN
    7 00000008                 AREA             mycode,CODE,READONLY
    8 00000000                 ENTRY
    9 00000000                 EXPORT           Reset_Handler
   10 00000000         Reset_Handler
   11 00000000 4E0B            LDR              R6,=RESULT
   12 00000002 F04F 0200       MOV              R2,#0
   13 00000006 480B            LDR              R0,=VALUE1
   14 00000008 6801            LDR              R1,[R0]
   15 0000000A 480B            LDR              R0,=VALUE2
   16 0000000C 6803            LDR              R3,[R0]
   17 0000000E 4299    UP      CMP              R1,R3
   18 00000010 D304            BCC              STORE
   19 00000012 EBA1 0103       SUB              R1,R3
   20 00000016 F102 0201       ADD              R2,#01
   21 0000001A E7F8            B                UP
   22 0000001C F846 2B04 
                       STORE   STR              R2,[R6],#4
   23 00000020 F846 2B04       STR              R2,[R6],#4
   24 00000024 6031            STR              R1,[R6]
   25 00000026         STOP
   26 00000026 E7FE            B                STOP
   27 00000028 00000009 
                       VALUE1  DCD              9
   28 0000002C 00000003 
                       VALUE2  DCD              3
   29 00000030 00000000 
              00000000 
              00000000         AREA             mydata,DATA,READWRITE
   30 00000000 00000000 
                       RESULT  DCD              0
   31 00000004                 END
Command Line: --debug --xref --cpu=Cortex-M3 --apcs=interwork --depend=.\q1.d -
o.\q1.o -IC:\Keil\ARM\RV31\INC -IC:\Keil\ARM\CMSIS\Include -IC:\Keil\ARM\Inc\NX
P\LPC17xx --predefine="__EVAL SETA 1" --list=.\q1.lst q1.s



ARM Macro Assembler    Page 1 Alphabetic symbol ordering
Relocatable symbols

RESET 00000000

Symbol: RESET
   Definitions
      At line 1 in file q1.s
   Uses
      None
Comment: RESET unused
__Vectors 00000000

Symbol: __Vectors
   Definitions
      At line 3 in file q1.s
   Uses
      At line 2 in file q1.s
Comment: __Vectors used once
2 symbols



ARM Macro Assembler    Page 1 Alphabetic symbol ordering
Relocatable symbols

Reset_Handler 00000000

Symbol: Reset_Handler
   Definitions
      At line 10 in file q1.s
   Uses
      At line 5 in file q1.s
      At line 9 in file q1.s

STOP 00000026

Symbol: STOP
   Definitions
      At line 25 in file q1.s
   Uses
      At line 26 in file q1.s
Comment: STOP used once
STORE 0000001C

Symbol: STORE
   Definitions
      At line 22 in file q1.s
   Uses
      At line 18 in file q1.s
Comment: STORE used once
UP 0000000E

Symbol: UP
   Definitions
      At line 17 in file q1.s
   Uses
      At line 21 in file q1.s
Comment: UP used once
VALUE1 00000028

Symbol: VALUE1
   Definitions
      At line 27 in file q1.s
   Uses
      At line 13 in file q1.s
Comment: VALUE1 used once
VALUE2 0000002C

Symbol: VALUE2
   Definitions
      At line 28 in file q1.s
   Uses
      At line 15 in file q1.s
Comment: VALUE2 used once
mycode 00000000

Symbol: mycode
   Definitions
      At line 7 in file q1.s
   Uses
      None
Comment: mycode unused
7 symbols



ARM Macro Assembler    Page 1 Alphabetic symbol ordering
Relocatable symbols

RESULT 00000000

Symbol: RESULT
   Definitions
      At line 30 in file q1.s
   Uses
      At line 11 in file q1.s
Comment: RESULT used once
mydata 00000000

Symbol: mydata
   Definitions
      At line 29 in file q1.s
   Uses
      None
Comment: mydata unused
2 symbols
344 symbols in table
