


ARM Macro Assembler    Page 1 


    1 00000000                 AREA             RESET,DATA,READONLY
    2 00000000                 EXPORT           __Vectors
    3 00000000         
    4 00000000         __Vectors
    5 00000000 10001000        DCD              0x10001000
    6 00000004 00000000        DCD              Reset_Handler
    7 00000008                 ALIGN
    8 00000008                 AREA             mycode,CODE,READONLY
    9 00000000                 ENTRY
   10 00000000                 EXPORT           Reset_Handler
   11 00000000         
   12 00000000         Reset_Handler
   13 00000000 480C            LDR              R0, =SRC
   14 00000002 490D            LDR              R1, =RES
   15 00000004 6802            LDR              R2,[R0]
   16 00000006 F000 F802       BL               FACT
   17 0000000A 600A            STR              R2,[R1]
   18 0000000C E7FE    HERE    B                HERE
   19 0000000E B508    FACT    PUSH{R3,LR}
   20 00000010 2A00            CMP              R2,#0
   21 00000012 D102            BNE              DOWN
   22 00000014 F04F 0201       MOV              R2,#1
   23 00000018 E006            B                DOWN1
   24 0000001A F1A2 0201 
                       DOWN    SUB              R2,#1
   25 0000001E F7FF FFF6       BL               FACT
   26 00000022 461C            MOV              R4,R3
   27 00000024 FB02 F204       MUL              R2,R4
   28 00000028 E8BD 4008 
                       DOWN1   POP{R3,LR}
   29 0000002C 4770            BX               LR
   30 0000002E E7FE    STOP    B                STOP
   31 00000030 00000004 
                       SRC     DCD              0x4
   32 00000034 00000000 
              00000000         AREA             mydata,DATA,READWRITE
   33 00000000 00000000 
                       RES     DCD              0
   34 00000004                 END
Command Line: --debug --xref --cpu=Cortex-M3 --apcs=interwork --depend=.\q2.d -
o.\q2.o -IC:\Keil\ARM\RV31\INC -IC:\Keil\ARM\CMSIS\Include -IC:\Keil\ARM\Inc\NX
P\LPC17xx --predefine="__EVAL SETA 1" --list=.\q2.lst q2.s



ARM Macro Assembler    Page 1 Alphabetic symbol ordering
Relocatable symbols

RESET 00000000

Symbol: RESET
   Definitions
      At line 1 in file q2.s
   Uses
      None
Comment: RESET unused
__Vectors 00000000

Symbol: __Vectors
   Definitions
      At line 4 in file q2.s
   Uses
      At line 2 in file q2.s
Comment: __Vectors used once
2 symbols



ARM Macro Assembler    Page 1 Alphabetic symbol ordering
Relocatable symbols

DOWN 0000001A

Symbol: DOWN
   Definitions
      At line 24 in file q2.s
   Uses
      At line 21 in file q2.s
Comment: DOWN used once
DOWN1 00000028

Symbol: DOWN1
   Definitions
      At line 28 in file q2.s
   Uses
      At line 23 in file q2.s
Comment: DOWN1 used once
FACT 0000000E

Symbol: FACT
   Definitions
      At line 19 in file q2.s
   Uses
      At line 16 in file q2.s
      At line 25 in file q2.s

HERE 0000000C

Symbol: HERE
   Definitions
      At line 18 in file q2.s
   Uses
      At line 18 in file q2.s
Comment: HERE used once
Reset_Handler 00000000

Symbol: Reset_Handler
   Definitions
      At line 12 in file q2.s
   Uses
      At line 6 in file q2.s
      At line 10 in file q2.s

SRC 00000030

Symbol: SRC
   Definitions
      At line 31 in file q2.s
   Uses
      At line 13 in file q2.s
Comment: SRC used once
STOP 0000002E

Symbol: STOP
   Definitions
      At line 30 in file q2.s
   Uses
      At line 30 in file q2.s
Comment: STOP used once
mycode 00000000



ARM Macro Assembler    Page 2 Alphabetic symbol ordering
Relocatable symbols


Symbol: mycode
   Definitions
      At line 8 in file q2.s
   Uses
      None
Comment: mycode unused
8 symbols



ARM Macro Assembler    Page 1 Alphabetic symbol ordering
Relocatable symbols

RES 00000000

Symbol: RES
   Definitions
      At line 33 in file q2.s
   Uses
      At line 14 in file q2.s
Comment: RES used once
mydata 00000000

Symbol: mydata
   Definitions
      At line 32 in file q2.s
   Uses
      None
Comment: mydata unused
2 symbols
345 symbols in table
