


ARM Macro Assembler    Page 1 


    1 00000000                 AREA             RESET,DATA,READONLY
    2 00000000                 EXPORT           __Vectors
    3 00000000         __Vectors
    4 00000000 10001000        DCD              0x10001000
    5 00000004 00000000        DCD              Reset_Handler
    6 00000008                 ALIGN
    7 00000008                 AREA             mycode,CODE,READONLY
    8 00000000                 ENTRY
    9 00000000                 EXPORT           Reset_Handler
   10 00000000         Reset_Handler
   11 00000000 480E            LDR              R0,=DST
   12 00000002 4601    L2      MOV              R1,R0
   13 00000004 4603            MOV              R3,R0
   14 00000006 F103 0304       ADD              R3,#4
   15 0000000A 681C    L1      LDR              R4,[R3]
   16 0000000C 680F            LDR              R7,[R1]
   17 0000000E 42BC            CMP              R4,R7
   18 00000010 D200            BCS              UP
   19 00000012 4619            MOV              R1,R3
   20 00000014 F103 0304 
                       UP      ADD              R3,#4
   21 00000018 F10A 0A01       ADD              R10,#1
   22 0000001C F1BA 0F05       CMP              R10,#5
   23 00000020 D1F3            BNE              L1
   24 00000022 6802            LDR              R2,[R0]
   25 00000024 680E            LDR              R6,[R1]
   26 00000026 600A            STR              R2,[R1]
   27 00000028 6006            STR              R6,[R0]
   28 0000002A F100 0004       ADD              R0,#4
   29 0000002E F109 0901       ADD              R9,#1
   30 00000032 F1B9 0F04       CMP              R9,#4
   31 00000036 D1E4            BNE              L2
   32 00000038         STOP
   33 00000038 E7FE            B                STOP
   34 0000003A 00 00 00000000  AREA             mydata,DATA,READWRITE
   35 00000000 00000000 
                       DST     DCD              0
   36 00000004                 END
Command Line: --debug --xref --cpu=Cortex-M3 --apcs=interwork --depend=.\q1.d -
o.\q1.o -IC:\Keil\ARM\RV31\INC -IC:\Keil\ARM\CMSIS\Include -IC:\Keil\ARM\Inc\NX
P\LPC17xx --predefine="__EVAL SETA 1" --list=.\q1.lst q1.s



ARM Macro Assembler    Page 1 Alphabetic symbol ordering
Relocatable symbols

RESET 00000000

Symbol: RESET
   Definitions
      At line 1 in file q1.s
   Uses
      None
Comment: RESET unused
__Vectors 00000000

Symbol: __Vectors
   Definitions
      At line 3 in file q1.s
   Uses
      At line 2 in file q1.s
Comment: __Vectors used once
2 symbols



ARM Macro Assembler    Page 1 Alphabetic symbol ordering
Relocatable symbols

L1 0000000A

Symbol: L1
   Definitions
      At line 15 in file q1.s
   Uses
      At line 23 in file q1.s
Comment: L1 used once
L2 00000002

Symbol: L2
   Definitions
      At line 12 in file q1.s
   Uses
      At line 31 in file q1.s
Comment: L2 used once
Reset_Handler 00000000

Symbol: Reset_Handler
   Definitions
      At line 10 in file q1.s
   Uses
      At line 5 in file q1.s
      At line 9 in file q1.s

STOP 00000038

Symbol: STOP
   Definitions
      At line 32 in file q1.s
   Uses
      At line 33 in file q1.s
Comment: STOP used once
UP 00000014

Symbol: UP
   Definitions
      At line 20 in file q1.s
   Uses
      At line 18 in file q1.s
Comment: UP used once
mycode 00000000

Symbol: mycode
   Definitions
      At line 7 in file q1.s
   Uses
      None
Comment: mycode unused
6 symbols



ARM Macro Assembler    Page 1 Alphabetic symbol ordering
Relocatable symbols

DST 00000000

Symbol: DST
   Definitions
      At line 35 in file q1.s
   Uses
      At line 11 in file q1.s
Comment: DST used once
mydata 00000000

Symbol: mydata
   Definitions
      At line 34 in file q1.s
   Uses
      None
Comment: mydata unused
2 symbols
343 symbols in table
