


ARM Macro Assembler    Page 1 


    1 00000000                 AREA             RESET,DATA,READONLY
    2 00000000                 EXPORT           __Vectors
    3 00000000         
    4 00000000         __Vectors
    5 00000000 10001000        DCD              0x10001000
    6 00000004 00000000        DCD              Reset_Handler
    7 00000008                 ALIGN
    8 00000008                 AREA             mycode,CODE,READONLY
    9 00000000                 ENTRY
   10 00000000                 EXPORT           Reset_Handler
   11 00000000         Reset_Handler
   12 00000000 4804            LDR              R0,=SRC
   13 00000002 F04F 0005       MOV              R0,#5
   14 00000006 4904            LDR              R1,=DST
   15 00000008 4601            MOV              R1,R0
   16 0000000A         STOP
   17 0000000A E7FE            B                STOP
   18 0000000C 00000000 
                       SRC     DCD              0
   19 00000010 00000000 
                       DST     DCD              0
   20 00000014                 END
              00000000 
              00000000 
Command Line: --debug --xref --cpu=Cortex-M3 --apcs=interwork --depend=.\q2.d -
o.\q2.o -IC:\Keil\ARM\RV31\INC -IC:\Keil\ARM\CMSIS\Include -IC:\Keil\ARM\Inc\NX
P\LPC17xx --predefine="__EVAL SETA 1" --list=.\q2.lst Q2.s



ARM Macro Assembler    Page 1 Alphabetic symbol ordering
Relocatable symbols

RESET 00000000

Symbol: RESET
   Definitions
      At line 1 in file Q2.s
   Uses
      None
Comment: RESET unused
__Vectors 00000000

Symbol: __Vectors
   Definitions
      At line 4 in file Q2.s
   Uses
      At line 2 in file Q2.s
Comment: __Vectors used once
2 symbols



ARM Macro Assembler    Page 1 Alphabetic symbol ordering
Relocatable symbols

DST 00000010

Symbol: DST
   Definitions
      At line 19 in file Q2.s
   Uses
      At line 14 in file Q2.s
Comment: DST used once
Reset_Handler 00000000

Symbol: Reset_Handler
   Definitions
      At line 11 in file Q2.s
   Uses
      At line 6 in file Q2.s
      At line 10 in file Q2.s

SRC 0000000C

Symbol: SRC
   Definitions
      At line 18 in file Q2.s
   Uses
      At line 12 in file Q2.s
Comment: SRC used once
STOP 0000000A

Symbol: STOP
   Definitions
      At line 16 in file Q2.s
   Uses
      At line 17 in file Q2.s
Comment: STOP used once
mycode 00000000

Symbol: mycode
   Definitions
      At line 8 in file Q2.s
   Uses
      None
Comment: mycode unused
5 symbols
340 symbols in table
