


ARM Macro Assembler    Page 1 


    1 00000000                 AREA             RESET,DATA,READONLY
    2 00000000                 EXPORT           __Vectors
    3 00000000         __Vectors
    4 00000000 40001000        DCD              0x40001000
    5 00000004 00000000        DCD              Reset_Handler
    6 00000008                 ALIGN
    7 00000008                 AREA             mycode,CODE,READONLY
    8 00000000                 ENTRY
    9 00000000                 EXPORT           Reset_Handler
   10 00000000         Reset_Handler
   11 00000000 4810            LDR              R0,=N1
   12 00000002 4911            LDR              R1,=N2
   13 00000004 4A11            LDR              R2,=RES
   14 00000006 F04F 0304       MOV              R3,#4
   15 0000000A F04F 0600       MOV              R6,#0
   16 0000000E F850 4B04 
                       UP      LDR              R4,[R0],#4
   17 00000012 F851 5B04       LDR              R5,[R1],#4
   18 00000016 197F            ADDS             R7,R7,R5
   19 00000018 F146 0600       ADC              R6,#0
   20 0000001C F842 7B04       STR              R7,[R2],#4
   21 00000020 D1F5            BNE              UP
   22 00000022 E7FE    STOP    B                STOP
   23 00000024         N1      DCD              OxFFFFFFFF,3,2,1
   24 00000028         N2      DCD              OxFFFFFFFF,3,2,1
   25 0000002C 00000000 
              00000000 
              00000000         AREA             mydata,DATA,READWRITE
   26 00000000 00000000 
                       RES     DCD              0
   27 00000004                 END
Command Line: --debug --xref --cpu=Cortex-M3 --apcs=interwork --depend=.\q2.d -
o.\q2.o -IC:\Keil\ARM\RV31\INC -IC:\Keil\ARM\CMSIS\Include -IC:\Keil\ARM\Inc\NX
P\LPC17xx --predefine="__EVAL SETA 1" --list=.\q2.lst q2.s
